#
# There is insufficient memory for the Java Runtime Environment to continue.
# Native memory allocation (mmap) failed to map 96468992 bytes. Error detail: G1 virtual space
# Possible reasons:
#   The system is out of physical RAM or swap space
#   This process is running with CompressedOops enabled, and the Java Heap may be blocking the growth of the native heap
# Possible solutions:
#   Reduce memory load on the system
#   Increase physical memory or swap space
#   Check if swap backing store is full
#   Decrease Java heap size (-Xmx/-Xms)
#   Decrease number of Java threads
#   Decrease Java thread stack sizes (-Xss)
#   Set larger code cache with -XX:ReservedCodeCacheSize=
#   JVM is running with Unscaled Compressed Oops mode in which the Java heap is
#     placed in the first 4GB address space. The Java Heap base address is the
#     maximum limit for the native heap growth. Please use -XX:HeapBaseMinAddress
#     to set the Java Heap base and to place the Java Heap above 4GB virtual address.
# This output file may be truncated or incomplete.
#
#  Out of Memory Error (os_windows.cpp:3554), pid=4948, tid=21728
#
# JRE version:  (25.0+36) (build )
# Java VM: OpenJDK 64-Bit Server VM (25+36-3489, mixed mode, sharing, tiered, compressed oops, compressed class ptrs, g1 gc, windows-amd64)
# No core dump will be written. Minidumps are not enabled by default on client versions of Windows
#

---------------  S U M M A R Y ------------

Command Line: -javaagent:C:\Program Files\JetBrains\IntelliJ IDEA Community Edition 2025.2.6.1\lib\idea_rt.jar=53780 -Dfile.encoding=UTF-8 -Dsun.stdout.encoding=UTF-8 -Dsun.stderr.encoding=UTF-8 --module-path=C:\Users\Magde\.m2\repository\org\openjfx\javafx-base\21.0.6\javafx-base-21.0.6-win.jar;C:\Users\Magde\.m2\repository\org\openjfx\javafx-graphics\21.0.6\javafx-graphics-21.0.6-win.jar;C:\Users\Magde\IdeaProjects\Pa\target\classes;C:\Users\Magde\.m2\repository\com\fasterxml\woodstox\woodstox-core\6.6.2\woodstox-core-6.6.2.jar;C:\Users\Magde\.m2\repository\org\jfree\jfreechart\1.5.3\jfreechart-1.5.3.jar;C:\Users\Magde\.m2\repository\com\sun\mail\javax.mail\1.6.2\javax.mail-1.6.2.jar;C:\Users\Magde\.m2\repository\org\openjfx\javafx-fxml\21.0.6\javafx-fxml-21.0.6-win.jar;C:\Users\Magde\.m2\repository\org\codehaus\woodstox\stax2-api\4.2.2\stax2-api-4.2.2.jar;C:\Users\Magde\.m2\repository\net\sf\jasperreports\jasperreports\7.0.0\jasperreports-7.0.0.jar;C:\Users\Magde\.m2\repository\org\openjfx\javafx-controls\21.0.6\javafx-controls-21.0.6-win.jar -Djdk.module.main=com.example.pa com.example.pa/besededatos.HelloApplication

Host: AMD Ryzen 5 7520U with Radeon Graphics         , 8 cores, 5G,  Windows 11 , 64 bit Build 26100 (10.0.26100.8246)
Time: Mon May 11 11:58:11 2026 Haiti Daylight Time elapsed time: 1.164977 seconds (0d 0h 0m 1s)

---------------  T H R E A D  ---------------

Current thread (0x0000023e9c635d00):  JavaThread "Unknown thread" [_thread_in_vm, id=21728, stack(0x00000043c2e00000,0x00000043c2f00000) (1024K)]

Stack: [0x00000043c2e00000,0x00000043c2f00000]
Native frames: (J=compiled Java code, j=interpreted, Vv=VM code, C=native code)
V  [jvm.dll+0x7a6a39]  (no source info available)
V  [jvm.dll+0x7727ed]  (no source info available)
V  [jvm.dll+0x965f33]  (no source info available)
V  [jvm.dll+0x968531]  (no source info available)
V  [jvm.dll+0x968c33]  (no source info available)
V  [jvm.dll+0x2fc756]  (no source info available)
V  [jvm.dll+0x7a2c65]  (no source info available)
V  [jvm.dll+0x796077]  (no source info available)
V  [jvm.dll+0x3f4698]  (no source info available)
V  [jvm.dll+0x3fc5b6]  (no source info available)
V  [jvm.dll+0x3e8c8e]  (no source info available)
V  [jvm.dll+0x3e8f48]  (no source info available)
V  [jvm.dll+0x3c0045]  (no source info available)
V  [jvm.dll+0x3c0cce]  (no source info available)
V  [jvm.dll+0x92c647]  (no source info available)
V  [jvm.dll+0x458b62]  (no source info available)
V  [jvm.dll+0x90fff2]  (no source info available)
V  [jvm.dll+0x4f9001]  (no source info available)
V  [jvm.dll+0x4fa891]  (no source info available)
C  [jli.dll+0x543e]  (no source info available)
C  [ucrtbase.dll+0x37b0]  (no source info available)
C  [KERNEL32.DLL+0x2e8d7]  (no source info available)
C  [ntdll.dll+0x8c3fc]  (no source info available)

Lock stack of current Java thread (top to bottom):


---------------  P R O C E S S  ---------------

Threads class SMR info:
_java_thread_list=0x00007ffa1bb45308, length=0, elements={
}

Java Threads: ( => current thread )
Total: 0

Other Threads:
  0x0000023e9c67ed10 WorkerThread "GC Thread#0"                     [id=18368, stack(0x00000043c2f00000,0x00000043c3000000) (1024K)]
  0x0000023e9c691180 ConcurrentGCThread "G1 Main Marker"            [id=22112, stack(0x00000043c3000000,0x00000043c3100000) (1024K)]
  0x0000023e9c692a90 WorkerThread "G1 Conc#0"                       [id=20852, stack(0x00000043c3100000,0x00000043c3200000) (1024K)]

[error occurred during error reporting (printing all threads), id 0xc0000005, EXCEPTION_ACCESS_VIOLATION (0xc0000005) at pc=0x00007ffa1b224c2a]
VM state: not at safepoint (not fully initialized)

VM Mutex/Monitor currently owned by a thread:  ([mutex/lock_event])
[0x00007ffa1bbc9628] Heap_lock - owner thread: 0x0000023e9c635d00

Heap address: 0x00000000a4200000, size: 1470 MB, Compressed Oops mode: 32-bit

CDS archive(s) mapped at: [0x0000000000000000-0x0000000000000000-0x0000000000000000), size 0, SharedBaseAddress: 0x0000000800000000, ArchiveRelocationMode: 1.
UseCompressedClassPointers 1, UseCompactObjectHeaders 0
Narrow klass pointer bits 32, Max shift 3
Narrow klass base: 0xffffffffffffffff, Narrow klass shift: -1
Encoding Range: [0xffffffffffffffff - 0x000000007fffffff), (2147483648 bytes)
Klass Range:    [0x0000000000000000 - 0x0000000000000000), (0 bytes)
Klass ID Range:  [4294967295 - 0) (1)
No protection zone.

GC Precious Log:
 CardTable entry size: 512
 Card Set container configuration: InlinePtr #cards 5 size 8 Array Of Cards #cards 10 size 36 Howl #buckets 4 coarsen threshold 1843 Howl Bitmap #cards 512 size 80 coarsen threshold 460 Card regions per heap region 1 cards per card region 2048

Heap:
 garbage-first heap   total reserved 1505280K, committed 0K, used 0K [0x00000000a4200000, 0x0000000100000000)
  region size 1024K, 0 young (0K), 0 survivors (0K)

Heap Regions: E=young(eden), S=young(survivor), O=old, HS=humongous(starts), HC=humongous(continues), CS=collection set, F=free, TAMS=top-at-mark-start, PB=parsable bottom

Card table byte_map: [0x0000023eb45d0000,0x0000023eb48b0000] _byte_map_base: 0x0000023eb40af000

Marking Bits: (CMBitMap*) 0x0000023e9c67f4a0
 Bits: [0x0000023eb48b0000, 0x0000023eb5fa8000)

GC Heap Usage History (0 events):
No events

Metaspace Usage History (0 events):
No events

Dll operation events (1 events):
Event: 0.027 Loaded shared library C:\Users\Magde\.jdks\openjdk-25\bin\java.dll

Deoptimization events (0 events):
No events

Classes loaded (0 events):
No events

Classes unloaded (0 events):
No events

Classes redefined (0 events):
No events

Internal exceptions (0 events):
No events

VM Operations (0 events):
No events

Memory protections (0 events):
No events

Nmethod flushes (0 events):
No events

Events (0 events):
No events


Dynamic libraries:
0x00007ff74c480000 - 0x00007ff74c48e000 	C:\Users\Magde\.jdks\openjdk-25\bin\java.exe
0x00007ffa9fa40000 - 0x00007ffa9fca7000 	C:\Windows\SYSTEM32\ntdll.dll
0x00007ffa9dfe0000 - 0x00007ffa9e0a9000 	C:\Windows\System32\KERNEL32.DLL
0x00007ffa9cc60000 - 0x00007ffa9d054000 	C:\Windows\System32\KERNELBASE.dll
0x00007ffa9d680000 - 0x00007ffa9d7cb000 	C:\Windows\System32\ucrtbase.dll
0x00007ffa8a230000 - 0x00007ffa8a24e000 	C:\Users\Magde\.jdks\openjdk-25\bin\VCRUNTIME140.dll
0x00007ffa8a250000 - 0x00007ffa8a267000 	C:\Users\Magde\.jdks\openjdk-25\bin\jli.dll
0x00007ffa9f460000 - 0x00007ffa9f625000 	C:\Windows\System32\USER32.dll
0x00007ffa87c40000 - 0x00007ffa87ed3000 	C:\Windows\WinSxS\amd64_microsoft.windows.common-controls_6595b64144ccf1df_6.0.26100.8115_none_3e075c82e3354f9c\COMCTL32.dll
0x00007ffa9e190000 - 0x00007ffa9e239000 	C:\Windows\System32\msvcrt.dll
0x00007ffa9cc30000 - 0x00007ffa9cc57000 	C:\Windows\System32\win32u.dll
0x00007ffa9d990000 - 0x00007ffa9d9bb000 	C:\Windows\System32\GDI32.dll
0x00007ffa9d060000 - 0x00007ffa9d18b000 	C:\Windows\System32\gdi32full.dll
0x00007ffa9d3d0000 - 0x00007ffa9d473000 	C:\Windows\System32\msvcp_win.dll
0x00007ffa9df10000 - 0x00007ffa9df42000 	C:\Windows\System32\IMM32.DLL
0x00007ffa8a220000 - 0x00007ffa8a22c000 	C:\Users\Magde\.jdks\openjdk-25\bin\vcruntime140_1.dll
0x00007ffa88bb0000 - 0x00007ffa88c3d000 	C:\Users\Magde\.jdks\openjdk-25\bin\msvcp140.dll
0x00007ffa1ae50000 - 0x00007ffa1bcaf000 	C:\Users\Magde\.jdks\openjdk-25\bin\server\jvm.dll
0x00007ffa9ed10000 - 0x00007ffa9edc6000 	C:\Windows\System32\ADVAPI32.dll
0x00007ffa9ec10000 - 0x00007ffa9ecb7000 	C:\Windows\System32\sechost.dll
0x00007ffa9edd0000 - 0x00007ffa9eee8000 	C:\Windows\System32\RPCRT4.dll
0x00007ffa9df50000 - 0x00007ffa9dfd0000 	C:\Windows\System32\WS2_32.dll
0x00007ffa9c170000 - 0x00007ffa9c1ce000 	C:\Windows\SYSTEM32\POWRPROF.dll
0x00007ffa8e0c0000 - 0x00007ffa8e0cb000 	C:\Windows\SYSTEM32\VERSION.dll
0x00007ffa92870000 - 0x00007ffa928a6000 	C:\Windows\SYSTEM32\WINMM.dll
0x00007ffa9c150000 - 0x00007ffa9c164000 	C:\Windows\SYSTEM32\UMPDC.dll
0x00007ffa9b0a0000 - 0x00007ffa9b0bb000 	C:\Windows\SYSTEM32\kernel.appcore.dll
0x00007ffa8a210000 - 0x00007ffa8a21a000 	C:\Users\Magde\.jdks\openjdk-25\bin\jimage.dll
0x00007ffa9a310000 - 0x00007ffa9a552000 	C:\Windows\SYSTEM32\DBGHELP.DLL
0x00007ffa9eef0000 - 0x00007ffa9f272000 	C:\Windows\System32\combase.dll
0x00007ffa9e0b0000 - 0x00007ffa9e188000 	C:\Windows\System32\OLEAUT32.dll
0x00007ffa83a50000 - 0x00007ffa83a8b000 	C:\Windows\SYSTEM32\dbgcore.DLL
0x00007ffa9cb80000 - 0x00007ffa9cc25000 	C:\Windows\System32\bcryptPrimitives.dll
0x00007ffa8de20000 - 0x00007ffa8de30000 	C:\Users\Magde\.jdks\openjdk-25\bin\instrument.dll
0x00007ffa8a1f0000 - 0x00007ffa8a20f000 	C:\Users\Magde\.jdks\openjdk-25\bin\java.dll
0x00007ffa9f860000 - 0x00007ffa9f9f7000 	C:\Windows\System32\ole32.dll
0x00007ffa9e240000 - 0x00007ffa9e9a7000 	C:\Windows\System32\SHELL32.dll
0x00007ffa9d480000 - 0x00007ffa9d5ea000 	C:\Windows\System32\wintypes.dll

JVMTI agents:
C:\Program Files\JetBrains\IntelliJ IDEA Community Edition 2025.2.6.1\lib\idea_rt.jar path:none, loaded, not initialized, instrumentlib options:53780

dbghelp: loaded successfully - version: 4.0.5 - missing functions: none
symbol engine: initialized successfully - sym options: 0x614 - pdb path: .;C:\Users\Magde\.jdks\openjdk-25\bin;C:\Windows\SYSTEM32;C:\Windows\WinSxS\amd64_microsoft.windows.common-controls_6595b64144ccf1df_6.0.26100.8115_none_3e075c82e3354f9c;C:\Users\Magde\.jdks\openjdk-25\bin\server

VM Arguments:
jvm_args: -javaagent:C:\Program Files\JetBrains\IntelliJ IDEA Community Edition 2025.2.6.1\lib\idea_rt.jar=53780 -Dfile.encoding=UTF-8 -Dsun.stdout.encoding=UTF-8 -Dsun.stderr.encoding=UTF-8 --module-path=C:\Users\Magde\.m2\repository\org\openjfx\javafx-base\21.0.6\javafx-base-21.0.6-win.jar;C:\Users\Magde\.m2\repository\org\openjfx\javafx-graphics\21.0.6\javafx-graphics-21.0.6-win.jar;C:\Users\Magde\IdeaProjects\Pa\target\classes;C:\Users\Magde\.m2\repository\com\fasterxml\woodstox\woodstox-core\6.6.2\woodstox-core-6.6.2.jar;C:\Users\Magde\.m2\repository\org\jfree\jfreechart\1.5.3\jfreechart-1.5.3.jar;C:\Users\Magde\.m2\repository\com\sun\mail\javax.mail\1.6.2\javax.mail-1.6.2.jar;C:\Users\Magde\.m2\repository\org\openjfx\javafx-fxml\21.0.6\javafx-fxml-21.0.6-win.jar;C:\Users\Magde\.m2\repository\org\codehaus\woodstox\stax2-api\4.2.2\stax2-api-4.2.2.jar;C:\Users\Magde\.m2\repository\net\sf\jasperreports\jasperreports\7.0.0\jasperreports-7.0.0.jar;C:\Users\Magde\.m2\repository\org\openjfx\javafx-controls\21.0.6\javafx-controls-21.0.6-win.jar -Djdk.module.main=com.example.pa 
java_command: com.example.pa/besededatos.HelloApplication
java_class_path (initial): C:\Users\Magde\.m2\repository\org\openjfx\javafx-controls\21.0.6\javafx-controls-21.0.6.jar;C:\Users\Magde\.m2\repository\org\openjfx\javafx-graphics\21.0.6\javafx-graphics-21.0.6.jar;C:\Users\Magde\.m2\repository\org\openjfx\javafx-base\21.0.6\javafx-base-21.0.6.jar;C:\Users\Magde\.m2\repository\org\openjfx\javafx-fxml\21.0.6\javafx-fxml-21.0.6.jar;C:\Users\Magde\.m2\repository\com\microsoft\sqlserver\mssql-jdbc\12.6.4.jre11\mssql-jdbc-12.6.4.jre11.jar;C:\Users\Magde\.m2\repository\javax\activation\activation\1.1\activation-1.1.jar;C:\Users\Magde\.m2\repository\commons-logging\commons-logging\1.3.0\commons-logging-1.3.0.jar;C:\Users\Magde\.m2\repository\org\apache\commons\commons-collections4\4.4\commons-collections4-4.4.jar;C:\Users\Magde\.m2\repository\com\fasterxml\jackson\core\jackson-core\2.17.1\jackson-core-2.17.1.jar;C:\Users\Magde\.m2\repository\com\fasterxml\jackson\core\jackson-annotations\2.17.1\jackson-annotations-2.17.1.jar;C:\Users\Magde\.m2\repository\com\fasterxml\jackson\core\jackson-databind\2.17.1\jackson-databind-2.17.1.jar;C:\Users\Magde\.m2\repository\com\fasterxml\jackson\dataformat\jackson-dataformat-xml\2.17.1\jackson-dataformat-xml-2.17.1.jar;C:\Users\Magde\.m2\repository\org\apache\xmlgraphics\batik-anim\1.17\batik-anim-1.17.jar;C:\Users\Magde\.m2\repository\org\apache\xmlgraphics\batik-ext\1.17\batik-ext-1.17.jar;C:\Users\Magde\.m2\repository\org\apache\xmlgraphics\batik-parser\1.17\batik-parser-1.17.jar;C:\Users\Magde\.m2\repository\org\apache\xmlgraphics\batik-shared-resources\1.17\batik-shared-resources-1.17.jar;C:\Users\Magde\.m2\repository\org\apache\xmlgraphics\batik-bridge\1.17\batik-bridge-1.17.jar;C:\Users\Magde\.m2\repository\org\apache\xmlgraphics\batik-script\1.17\batik-script-1.17.jar;C:\Users\Magde\.m2\repository\org\apache\xmlgraphics\batik-xml\1.17\batik-xml-1.17.jar;C:\Users\Magde\.m2\repository\org\apache\xmlgraphics\xmlgraphics-commons\2.9\xmlgraphics-commons-2.9.jar;C:\Users\Magde\.m2\repository\commons-io\commons-io\2.11.0\commons-io-2.11.0.jar;C:\Users\Magde\.m2\repository\org\apache\xmlgraphics\batik-dom\1.17\batik-dom-1.17.jar;C:\Users\Magde\.m2\repository\org\apache\xmlgraphics\batik-svg-dom\1.17\batik-svg-dom-1.17.jar;C:\Users\Magde\.m2\repository\org\apache\xmlgraphics\batik-awt-util\1.17\batik-awt-util-1.17.jar;C:\Users\Magde\.m2\repository\org\apache\xmlgraphics\batik-gvt\1.17\batik-gvt-1.17.jar;C:\Users\Magde\.m2\repository\org\apache\xmlgraphics\batik-util\1.17\batik-util-1.17.jar;C:\Users\Magde\.m2\repository\org\apache\xmlgraphics\batik-i18n\1.17\batik-i18n-1.17.jar;C:\Users\Magde\.m2\repository\org\apache\xmlgraphics\batik-constants\1.17\batik-constants-1.17.jar;C:\Users\Magde\.m2\repository\org\apache\xmlgraphics\batik-css\1.17\batik-css-1.17.jar;C:\Users\Magde\.m2\repository\xml-apis\xml-apis-ext\1.3.04\xml-apis-ext-1.3.04.jar;C:\Users\Magde\.m2\repository\commons-beanutils\commons-beanutils\1.9.4\commons-beanutils-1.9.4.jar;C:\Users\Magde\.m2\repository\commons-collections\commons-collections\3.2.2\commons-collections-3.2.2.jar
Launcher Type: SUN_STANDARD

[Global flags]
     intx CICompilerCount                          = 4                                         {product} {ergonomic}
     uint ConcGCThreads                            = 2                                         {product} {ergonomic}
     uint G1ConcRefinementThreads                  = 8                                         {product} {ergonomic}
   size_t G1HeapRegionSize                         = 1048576                                   {product} {ergonomic}
   size_t InitialHeapSize                          = 96468992                                  {product} {ergonomic}
   size_t MarkStackSize                            = 4194304                                   {product} {ergonomic}
   size_t MarkStackSizeMax                         = 536870912                                 {product} {ergonomic}
   size_t MaxHeapSize                              = 1541406720                                {product} {ergonomic}
   size_t MinHeapDeltaBytes                        = 1048576                                   {product} {ergonomic}
   size_t MinHeapSize                              = 8388608                                   {product} {ergonomic}
    uintx NonNMethodCodeHeapSize                   = 5832704                                {pd product} {ergonomic}
    uintx NonProfiledCodeHeapSize                  = 122945536                              {pd product} {ergonomic}
    uintx ProfiledCodeHeapSize                     = 122880000                              {pd product} {ergonomic}
    uintx ReservedCodeCacheSize                    = 251658240                              {pd product} {ergonomic}
     bool SegmentedCodeCache                       = true                                      {product} {ergonomic}
   size_t SoftMaxHeapSize                          = 1541406720                             {manageable} {ergonomic}
     bool UseCompressedOops                        = true                           {product lp64_product} {ergonomic}
     bool UseG1GC                                  = true                                      {product} {ergonomic}
     bool UseLargePagesIndividualAllocation        = false                                  {pd product} {ergonomic}

Logging:
Log output configuration:
 #0: stdout all=warning uptime,level,tags foldmultilines=false
 #1: stderr all=off uptime,level,tags foldmultilines=false

Release file:
<release file has not been read>
Environment Variables:
PATH=C:\Program Files (x86)\Common Files\Oracle\Java\java8path;C:\Program Files (x86)\Common Files\Oracle\Java\javapath;C:\Windows\system32;C:\Windows;C:\Windows\System32\Wbem;C:\Windows\System32\WindowsPowerShell\v1.0\;C:\Windows\System32\OpenSSH\;C:\Program Files\Microsoft SQL Server\Client SDK\ODBC\170\Tools\Binn\;C:\Program Files\Microsoft SQL Server\170\DTS\Binn\;C:\Program Files\Docker\Docker\resources\bin;C:\Program Files\Microsoft SQL Server\160\Tools\Binn\;C:\Program Files (x86)\Microsoft SQL Server\170\Tools\Binn\;C:\Program Files\Microsoft SQL Server\170\Tools\Binn\;C:\Program Files\Microsoft SQL Server\Client SDK\ODBC\180\Tools\Binn\;C:\Program Files\Microsoft SQL Server\130\DTS\Binn\;C:\Program Files\Microsoft SQL Server\140\DTS\Binn\;C:\Program Files\Microsoft SQL Server\150\DTS\Binn\;C:\Program Files\Microsoft SQL Server\160\DTS\Binn\;C:\Program Files\Git\cmd;C:\Users\Magde\AppData\Local\Microsoft\WindowsApps;C:\Users\Magde\AppData\Local\Programs\Microsoft VS Code\bin;C:\Program Files\JetBrains\IntelliJ IDEA Community Edition 2025.2.6.1\bin;C:\Users\Magde\AppData\Local\Programs\Antigravity\bin;C:\Users\Magde\AppData\Local\GitHubDesktop\bin
USERNAME=Magde
OS=Windows_NT
PROCESSOR_IDENTIFIER=AMD64 Family 23 Model 160 Stepping 0, AuthenticAMD
TMP=C:\Users\Magde\AppData\Local\Temp
TEMP=C:\Users\Magde\AppData\Local\Temp




Compilation memory statistics disabled.

Periodic native trim disabled

---------------  S Y S T E M  ---------------

OS:
 Windows 11 , 64 bit Build 26100 (10.0.26100.8246)
OS uptime: 0 days 21:41 hours
Hyper-V role detected

CPU: total 8 (initial active 8) (8 cores per cpu, 2 threads per core) family 23 model 160 stepping 0 microcode 0x8a0000a, cx8, cmov, fxsr, ht, mmx, 3dnowpref, sse, sse2, sse3, ssse3, sse4a, sse4.1, sse4.2, popcnt, lzcnt, tsc, tscinvbit, avx, avx2, aes, clmul, bmi1, bmi2, adx, sha, fma, vzeroupper, clflush, clflushopt, clwb, hv, rdtscp, rdpid, f16c
Processor Information for processor 0
  Max Mhz: 2801, Current Mhz: 2801, Mhz Limit: 2801
Processor Information for processor 1
  Max Mhz: 2801, Current Mhz: 2801, Mhz Limit: 2801
Processor Information for processor 2
  Max Mhz: 2801, Current Mhz: 2801, Mhz Limit: 2801
Processor Information for processor 3
  Max Mhz: 2801, Current Mhz: 2801, Mhz Limit: 2801
Processor Information for processor 4
  Max Mhz: 2801, Current Mhz: 1981, Mhz Limit: 2801
Processor Information for processor 5
  Max Mhz: 2801, Current Mhz: 2801, Mhz Limit: 2801
Processor Information for processor 6
  Max Mhz: 2801, Current Mhz: 2801, Mhz Limit: 2801
Processor Information for processor 7
  Max Mhz: 2801, Current Mhz: 1981, Mhz Limit: 2801

Memory: 4k page, system-wide physical 5877M (543M free)
TotalPageFile size 24309M (AvailPageFile size 37M)
current process WorkingSet (physical memory assigned to process): 14M, peak: 14M
current process commit charge ("private bytes"): 60M, peak: 152M

vm_info: OpenJDK 64-Bit Server VM (25+36-3489) for windows-amd64 JRE (25+36-3489), built on 2025-08-12T17:19:28Z with unknown MS VC++:1943

END.
